<?xml version="1.0" ?>
<coverage branch-rate="0.8684" branches-covered="33" branches-valid="38" complexity="0" line-rate="0.6372" lines-covered="144" lines-valid="226" timestamp="1563636046597" version="4.5.3">
	<!-- Generated by coverage.py: https://coverage.readthedocs.io -->
	<!-- Based on https://raw.githubusercontent.com/cobertura/web/master/htdocs/xml/coverage-04.dtd -->
	<sources>
		<source>/usr/src/app</source>
	</sources>
	<packages>
		<package branch-rate="1" complexity="0" line-rate="0.5" name="project">
			<classes>
				<class branch-rate="1" complexity="0" filename="project/__init__.py" line-rate="0.5" name="__init__.py">
					<methods/>
					<lines>
						<line hits="0" number="1"/>
						<line hits="0" number="3"/>
						<line hits="0" number="4"/>
						<line hits="0" number="5"/>
						<line hits="0" number="6"/>
						<line hits="0" number="7"/>
						<line hits="0" number="8"/>
						<line hits="0" number="12"/>
						<line hits="0" number="13"/>
						<line hits="0" number="14"/>
						<line hits="0" number="15"/>
						<line hits="0" number="16"/>
						<line hits="0" number="19"/>
						<line hits="1" number="22"/>
						<line hits="1" number="25"/>
						<line hits="1" number="26"/>
						<line hits="1" number="29"/>
						<line hits="1" number="30"/>
						<line hits="1" number="31"/>
						<line hits="1" number="32"/>
						<line hits="1" number="33"/>
						<line hits="1" number="36"/>
						<line hits="1" number="37"/>
						<line hits="1" number="38"/>
						<line hits="1" number="39"/>
						<line hits="1" number="42"/>
						<line hits="0" number="44"/>
						<line hits="1" number="46"/>
					</lines>
				</class>
			</classes>
		</package>
		<package branch-rate="0.8684" complexity="0" line-rate="0.6566" name="project.api">
			<classes>
				<class branch-rate="0.8" complexity="0" filename="project/api/auth.py" line-rate="0.7333" name="auth.py">
					<methods/>
					<lines>
						<line hits="0" number="1"/>
						<line hits="0" number="2"/>
						<line hits="0" number="4"/>
						<line hits="0" number="5"/>
						<line hits="0" number="6"/>
						<line hits="0" number="9"/>
						<line hits="0" number="12"/>
						<line hits="1" number="15"/>
						<line hits="1" number="16"/>
						<line branch="true" condition-coverage="100% (2/2)" hits="1" number="20"/>
						<line hits="1" number="21"/>
						<line hits="1" number="22"/>
						<line hits="1" number="23"/>
						<line hits="1" number="24"/>
						<line hits="1" number="25"/>
						<line hits="1" number="27"/>
						<line branch="true" condition-coverage="100% (2/2)" hits="1" number="29"/>
						<line hits="1" number="31"/>
						<line hits="1" number="36"/>
						<line hits="1" number="37"/>
						<line hits="1" number="39"/>
						<line hits="1" number="40"/>
						<line hits="1" number="41"/>
						<line hits="1" number="42"/>
						<line hits="1" number="43"/>
						<line hits="1" number="45"/>
						<line hits="1" number="46"/>
						<line hits="1" number="48"/>
						<line hits="1" number="49"/>
						<line hits="1" number="50"/>
						<line hits="0" number="53"/>
						<line hits="1" number="56"/>
						<line hits="1" number="57"/>
						<line branch="true" condition-coverage="50% (1/2)" hits="1" missing-branches="62" number="61"/>
						<line hits="0" number="62"/>
						<line hits="1" number="63"/>
						<line hits="1" number="64"/>
						<line hits="1" number="65"/>
						<line hits="1" number="67"/>
						<line branch="true" condition-coverage="100% (2/2)" hits="1" number="68"/>
						<line hits="1" number="69"/>
						<line branch="true" condition-coverage="50% (1/2)" hits="1" missing-branches="exit" number="70"/>
						<line hits="1" number="71"/>
						<line hits="1" number="72"/>
						<line hits="1" number="73"/>
						<line hits="1" number="74"/>
						<line hits="1" number="76"/>
						<line hits="1" number="77"/>
						<line hits="0" number="78"/>
						<line hits="0" number="79"/>
						<line hits="0" number="80"/>
						<line hits="0" number="83"/>
						<line hits="0" number="84"/>
						<line hits="1" number="86"/>
						<line hits="1" number="90"/>
						<line hits="0" number="93"/>
						<line hits="0" number="94"/>
						<line hits="1" number="96"/>
						<line hits="1" number="97"/>
						<line hits="1" number="102"/>
					</lines>
				</class>
				<class branch-rate="1" complexity="0" filename="project/api/models.py" line-rate="0.4118" name="models.py">
					<methods/>
					<lines>
						<line hits="0" number="1"/>
						<line hits="0" number="3"/>
						<line hits="0" number="4"/>
						<line hits="0" number="5"/>
						<line hits="0" number="7"/>
						<line hits="0" number="10"/>
						<line hits="0" number="12"/>
						<line hits="0" number="14"/>
						<line hits="0" number="15"/>
						<line hits="0" number="16"/>
						<line hits="0" number="17"/>
						<line hits="0" number="18"/>
						<line hits="0" number="19"/>
						<line hits="0" number="20"/>
						<line hits="0" number="22"/>
						<line hits="1" number="23"/>
						<line hits="1" number="24"/>
						<line hits="1" number="25"/>
						<line hits="0" number="29"/>
						<line hits="1" number="30"/>
						<line hits="0" number="38"/>
						<line hits="1" number="40"/>
						<line hits="1" number="41"/>
						<line hits="1" number="49"/>
						<line hits="0" number="54"/>
						<line hits="0" number="55"/>
						<line hits="0" number="57"/>
						<line hits="1" number="62"/>
						<line hits="1" number="63"/>
						<line hits="1" number="65"/>
						<line branch="true" condition-coverage="100% (2/2)" hits="1" number="66"/>
						<line hits="1" number="67"/>
						<line hits="1" number="68"/>
						<line hits="1" number="69"/>
					</lines>
				</class>
				<class branch-rate="1" complexity="0" filename="project/api/users.py" line-rate="0.697" name="users.py">
					<methods/>
					<lines>
						<line hits="0" number="4"/>
						<line hits="0" number="5"/>
						<line hits="0" number="6"/>
						<line hits="0" number="8"/>
						<line hits="0" number="9"/>
						<line hits="0" number="10"/>
						<line hits="0" number="13"/>
						<line hits="0" number="14"/>
						<line hits="0" number="17"/>
						<line branch="true" condition-coverage="100% (2/2)" hits="1" number="19"/>
						<line hits="1" number="20"/>
						<line hits="1" number="21"/>
						<line hits="1" number="22"/>
						<line hits="1" number="23"/>
						<line hits="1" number="24"/>
						<line hits="1" number="25"/>
						<line hits="1" number="26"/>
						<line hits="0" number="29"/>
						<line hits="0" number="30"/>
						<line hits="1" number="31"/>
						<line hits="0" number="37"/>
						<line hits="0" number="38"/>
						<line hits="1" number="40"/>
						<line hits="1" number="44"/>
						<line hits="1" number="45"/>
						<line branch="true" condition-coverage="100% (2/2)" hits="1" number="46"/>
						<line hits="1" number="47"/>
						<line hits="1" number="49"/>
						<line hits="1" number="58"/>
						<line hits="1" number="59"/>
						<line hits="1" number="60"/>
						<line hits="0" number="63"/>
						<line hits="0" number="65"/>
						<line hits="0" number="67"/>
						<line branch="true" condition-coverage="100% (2/2)" hits="1" number="69"/>
						<line hits="1" number="75"/>
						<line hits="0" number="77"/>
						<line hits="1" number="78"/>
						<line hits="1" number="79"/>
						<line branch="true" condition-coverage="100% (2/2)" hits="1" number="84"/>
						<line hits="1" number="85"/>
						<line hits="1" number="87"/>
						<line branch="true" condition-coverage="100% (2/2)" hits="1" number="89"/>
						<line hits="1" number="90"/>
						<line hits="1" number="91"/>
						<line hits="1" number="92"/>
						<line hits="1" number="93"/>
						<line hits="1" number="94"/>
						<line hits="1" number="95"/>
						<line branch="true" condition-coverage="100% (2/2)" hits="1" number="96"/>
						<line hits="1" number="97"/>
						<line hits="1" number="100"/>
						<line hits="1" number="101"/>
						<line hits="1" number="102"/>
						<line hits="1" number="103"/>
						<line hits="1" number="105"/>
						<line hits="1" number="107"/>
						<line branch="true" condition-coverage="100% (2/2)" hits="1" number="108"/>
						<line hits="1" number="109"/>
						<line hits="1" number="110"/>
						<line hits="1" number="111"/>
						<line hits="1" number="112"/>
						<line hits="1" number="113"/>
						<line hits="0" number="116"/>
						<line hits="0" number="117"/>
						<line hits="0" number="118"/>
					</lines>
				</class>
				<class branch-rate="0.75" complexity="0" filename="project/api/utils.py" line-rate="0.6842" name="utils.py">
					<methods/>
					<lines>
						<line hits="0" number="1"/>
						<line hits="0" number="3"/>
						<line hits="0" number="5"/>
						<line hits="0" number="8"/>
						<line hits="0" number="9"/>
						<line hits="1" number="11"/>
						<line hits="1" number="15"/>
						<line branch="true" condition-coverage="50% (1/2)" hits="1" missing-branches="17" number="16"/>
						<line hits="0" number="17"/>
						<line hits="1" number="18"/>
						<line hits="1" number="19"/>
						<line branch="true" condition-coverage="100% (2/2)" hits="1" number="20"/>
						<line hits="1" number="21"/>
						<line hits="1" number="22"/>
						<line hits="1" number="23"/>
						<line branch="true" condition-coverage="100% (2/2)" hits="1" number="24"/>
						<line hits="1" number="25"/>
						<line hits="1" number="26"/>
						<line hits="0" number="27"/>
						<line hits="0" number="30"/>
						<line hits="1" number="31"/>
						<line hits="1" number="33"/>
						<line hits="1" number="37"/>
						<line branch="true" condition-coverage="50% (1/2)" hits="1" missing-branches="39" number="38"/>
						<line hits="0" number="39"/>
						<line hits="1" number="40"/>
						<line hits="1" number="41"/>
						<line branch="true" condition-coverage="50% (1/2)" hits="1" missing-branches="43" number="42"/>
						<line hits="0" number="43"/>
						<line hits="0" number="44"/>
						<line hits="1" number="45"/>
						<line branch="true" condition-coverage="100% (2/2)" hits="1" number="46"/>
						<line hits="1" number="47"/>
						<line hits="1" number="48"/>
						<line hits="1" number="49"/>
						<line hits="0" number="52"/>
						<line hits="1" number="53"/>
						<line hits="1" number="54"/>
					</lines>
				</class>
			</classes>
		</package>
	</packages>
</coverage>
